[2026-06-02--07-12-04 INFO actix_server::builder] starting 5 workers
[2026-06-02--07-12-04 INFO actix_server::server] Tokio runtime found; starting in existing Tokio runtime
[2026-06-02--07-12-04 INFO actix_server::server] starting service: "actix-web-service-127.0.0.1:18488", workers: 5, listening on: 127.0.0.1:18488
[2026-06-02--07-12-10 INFO parity_ws] Listening for new connections on 127.0.0.1:8900.
[2026-06-02--07-12-34 INFO parity_ws::io] Accepted a new tcp connection from 127.0.0.1:54400.
[2026-06-02--07-12-40 ERROR litesvm] Program account Aq1EUwoSAMKKPzHgVKQkbHHDRBQQZLyDrzXUZZZX8zYU is not executable.
[2026-06-02--07-12-40 ERROR litesvm] Program account Aq1EUwoSAMKKPzHgVKQkbHHDRBQQZLyDrzXUZZZX8zYU is not executable.
[2026-06-02--07-12-41 ERROR litesvm] Program account Aq1EUwoSAMKKPzHgVKQkbHHDRBQQZLyDrzXUZZZX8zYU is not executable.
[2026-06-02--07-12-41 ERROR litesvm] Program account Aq1EUwoSAMKKPzHgVKQkbHHDRBQQZLyDrzXUZZZX8zYU is not executable.
[2026-06-02--07-12-41 ERROR litesvm] Program account Aq1EUwoSAMKKPzHgVKQkbHHDRBQQZLyDrzXUZZZX8zYU is not executable.
[2026-06-02--07-12-41 ERROR litesvm] Program account Aq1EUwoSAMKKPzHgVKQkbHHDRBQQZLyDrzXUZZZX8zYU is not executable.
[2026-06-02--07-12-42 ERROR litesvm] Program account Aq1EUwoSAMKKPzHgVKQkbHHDRBQQZLyDrzXUZZZX8zYU is not executable.
[2026-06-02--07-12-42 ERROR litesvm] Program account Aq1EUwoSAMKKPzHgVKQkbHHDRBQQZLyDrzXUZZZX8zYU is not executable.
[2026-06-02--07-12-42 ERROR litesvm] Program account Aq1EUwoSAMKKPzHgVKQkbHHDRBQQZLyDrzXUZZZX8zYU is not executable.
[2026-06-02--07-12-42 ERROR litesvm] Program account Aq1EUwoSAMKKPzHgVKQkbHHDRBQQZLyDrzXUZZZX8zYU is not executable.
[2026-06-02--07-12-44 ERROR litesvm] Program account Aq1EUwoSAMKKPzHgVKQkbHHDRBQQZLyDrzXUZZZX8zYU is not executable.
[2026-06-02--07-12-44 ERROR litesvm] Program account Aq1EUwoSAMKKPzHgVKQkbHHDRBQQZLyDrzXUZZZX8zYU is not executable.
[2026-06-02--07-13-24 INFO actix_server::worker] shutting down idle worker
[2026-06-02--07-13-24 INFO actix_server::worker] shutting down idle worker
[2026-06-02--07-13-24 INFO actix_server::worker] shutting down idle worker
[2026-06-02--07-13-24 INFO actix_server::accept] accept thread stopped
[2026-06-02--07-13-24 INFO actix_server::worker] shutting down idle worker
[2026-06-02--07-13-24 INFO actix_server::worker] shutting down idle worker
