[2026-06-02--06-37-10 INFO actix_server::builder] starting 5 workers
[2026-06-02--06-37-10 INFO actix_server::server] Tokio runtime found; starting in existing Tokio runtime
[2026-06-02--06-37-10 INFO actix_server::server] starting service: "actix-web-service-127.0.0.1:18488", workers: 5, listening on: 127.0.0.1:18488
[2026-06-02--06-37-17 INFO parity_ws] Listening for new connections on 127.0.0.1:8900.
[2026-06-02--06-41-09 INFO parity_ws::io] Accepted a new tcp connection from 127.0.0.1:54038.
[2026-06-02--06-41-15 ERROR litesvm] Program account 2Lq7xiMfCz3nFRuYVfqHGXhPZbeKSGKDNLr7s4LH9hCM is not executable.
[2026-06-02--06-41-15 ERROR litesvm] Program account 2Lq7xiMfCz3nFRuYVfqHGXhPZbeKSGKDNLr7s4LH9hCM is not executable.
[2026-06-02--06-41-16 ERROR litesvm] Program account 2Lq7xiMfCz3nFRuYVfqHGXhPZbeKSGKDNLr7s4LH9hCM is not executable.
[2026-06-02--06-41-16 ERROR litesvm] Program account 2Lq7xiMfCz3nFRuYVfqHGXhPZbeKSGKDNLr7s4LH9hCM is not executable.
[2026-06-02--06-41-17 ERROR litesvm] Program account 2Lq7xiMfCz3nFRuYVfqHGXhPZbeKSGKDNLr7s4LH9hCM is not executable.
[2026-06-02--06-41-17 ERROR litesvm] Program account 2Lq7xiMfCz3nFRuYVfqHGXhPZbeKSGKDNLr7s4LH9hCM is not executable.
[2026-06-02--06-41-17 ERROR litesvm] Program account 2Lq7xiMfCz3nFRuYVfqHGXhPZbeKSGKDNLr7s4LH9hCM is not executable.
[2026-06-02--06-41-17 ERROR litesvm] Program account 2Lq7xiMfCz3nFRuYVfqHGXhPZbeKSGKDNLr7s4LH9hCM is not executable.
[2026-06-02--06-41-17 ERROR litesvm] Program account 2Lq7xiMfCz3nFRuYVfqHGXhPZbeKSGKDNLr7s4LH9hCM is not executable.
[2026-06-02--06-41-17 ERROR litesvm] Program account 2Lq7xiMfCz3nFRuYVfqHGXhPZbeKSGKDNLr7s4LH9hCM is not executable.
[2026-06-02--06-41-18 ERROR litesvm] Program account 2Lq7xiMfCz3nFRuYVfqHGXhPZbeKSGKDNLr7s4LH9hCM is not executable.
[2026-06-02--06-41-18 ERROR litesvm] Program account 2Lq7xiMfCz3nFRuYVfqHGXhPZbeKSGKDNLr7s4LH9hCM is not executable.
[2026-06-02--06-46-09 INFO actix_server::worker] shutting down idle worker
[2026-06-02--06-46-09 INFO actix_server::worker] shutting down idle worker
[2026-06-02--06-46-09 INFO actix_server::worker] shutting down idle worker
[2026-06-02--06-46-09 INFO actix_server::worker] shutting down idle worker
[2026-06-02--06-46-09 INFO actix_server::accept] accept thread stopped
[2026-06-02--06-46-09 INFO actix_server::worker] shutting down idle worker
